{
  "RSpec": {
    "coverage": {
      "/home/dcmspe/Projects/backend_challenge/models/customer/address.rb": [
        1,
        1,
        null,
        1,
        16,
        16,
        null,
        null,
        null
      ],
      "/home/dcmspe/Projects/backend_challenge/spec/order_spec.rb": [
        1,
        null,
        1,
        null,
        1,
        1,
        null,
        1,
        null,
        null,
        null,
        1,
        1,
        1,
        1,
        null,
        1,
        1,
        null,
        1,
        null,
        1,
        1,
        null,
        1,
        null,
        null,
        null,
        null
      ],
      "/home/dcmspe/Projects/backend_challenge/models/invoice/order.rb": [
        1,
        null,
        1,
        null,
        1,
        7,
        7,
        7,
        7,
        null,
        null,
        1,
        8,
        null,
        null,
        1,
        15,
        null,
        null,
        1,
        6,
        null,
        null,
        null,
        null
      ],
      "/home/dcmspe/Projects/backend_challenge/spec/payment_spec.rb": [
        1,
        null,
        1,
        1,
        1,
        1,
        null,
        1,
        1,
        1,
        null,
        1,
        null,
        1,
        null,
        2,
        null,
        null,
        null,
        1,
        null,
        1,
        null,
        1,
        null,
        1,
        1,
        null,
        1,
        null,
        1,
        null,
        1,
        null,
        1,
        null,
        1,
        null,
        1,
        null,
        null,
        null,
        1,
        1,
        null,
        1,
        1,
        null,
        1,
        null,
        1,
        null,
        1,
        null,
        1,
        null,
        1,
        null,
        1,
        null,
        null,
        null,
        null
      ],
      "/home/dcmspe/Projects/backend_challenge/models/invoice/product.rb": [
        1,
        null,
        1,
        1,
        null,
        1,
        8,
        null,
        null,
        null
      ],
      "/home/dcmspe/Projects/backend_challenge/models/invoice/invoice.rb": [
        1,
        null,
        1,
        null,
        1,
        6,
        6,
        6,
        null,
        null
      ],
      "/home/dcmspe/Projects/backend_challenge/models/invoice/payment.rb": [
        1,
        1,
        null,
        1,
        6,
        6,
        6,
        null,
        null,
        1,
        6,
        6,
        6,
        6,
        6,
        null,
        null,
        1,
        1,
        null,
        null
      ],
      "/home/dcmspe/Projects/backend_challenge/models/customer/credit_card.rb": [
        1,
        1,
        6,
        null,
        null
      ],
      "/home/dcmspe/Projects/backend_challenge/models/customer/customer.rb": [
        1,
        null,
        null
      ],
      "/home/dcmspe/Projects/backend_challenge/spec/shipment_spec.rb": [
        1,
        1,
        null,
        1,
        1,
        1,
        1,
        1,
        1,
        1,
        1,
        1,
        1,
        null,
        1,
        1,
        1,
        null,
        1,
        null,
        1,
        null,
        4,
        null,
        null,
        null,
        1,
        null,
        1,
        null,
        1,
        null,
        1,
        1,
        null,
        1,
        null,
        1,
        null,
        1,
        null,
        1,
        null,
        1,
        null,
        1,
        null,
        1,
        null,
        1,
        null,
        null,
        null,
        1,
        null,
        1,
        null,
        1,
        1,
        null,
        1,
        null,
        1,
        null,
        1,
        null,
        1,
        null,
        1,
        null,
        1,
        null,
        1,
        null,
        1,
        null,
        null,
        null,
        1,
        null,
        1,
        null,
        1,
        1,
        null,
        1,
        null,
        1,
        null,
        1,
        null,
        1,
        null,
        1,
        null,
        1,
        null,
        1,
        null,
        1,
        null,
        null,
        null,
        1,
        null,
        1,
        null,
        1,
        1,
        null,
        1,
        null,
        1,
        null,
        1,
        null,
        1,
        null,
        1,
        null,
        1,
        null,
        1,
        null,
        1,
        null,
        null,
        null,
        null,
        null
      ],
      "/home/dcmspe/Projects/backend_challenge/models/invoice/shipment.rb": [
        1,
        null,
        1,
        null,
        1,
        4,
        null,
        null,
        1,
        null,
        4,
        4,
        4,
        4,
        null,
        null,
        null,
        1,
        null,
        1,
        null,
        8,
        null,
        4,
        1,
        null,
        null,
        null,
        1,
        null,
        8,
        null,
        4,
        1,
        null,
        null,
        null,
        1,
        null,
        8,
        null,
        4,
        1,
        null,
        null,
        1,
        8,
        null,
        4,
        1,
        null,
        null,
        null,
        null
      ],
      "/home/dcmspe/Projects/backend_challenge/models/invoice/shipment_label.rb": [
        1,
        null,
        1,
        null,
        null
      ],
      "/home/dcmspe/Projects/backend_challenge/models/invoice/book_shipment_label.rb": [
        1,
        null,
        1,
        null,
        1,
        1,
        1,
        null,
        null,
        null
      ],
      "/home/dcmspe/Projects/backend_challenge/models/invoice/physical_item_shipment_label.rb": [
        1,
        1,
        null,
        1,
        1,
        1,
        null,
        null
      ],
      "/home/dcmspe/Projects/backend_challenge/models/invoice/signature_service_shipment_label.rb": [
        1,
        null,
        1,
        null,
        1,
        1,
        null,
        1,
        null,
        null,
        null
      ],
      "/home/dcmspe/Projects/backend_challenge/models/invoice/digital_media_shipment_label.rb": [
        1,
        null,
        1,
        null,
        1,
        1,
        null,
        1,
        null,
        null
      ]
    },
    "timestamp": 1508460321
  }
}
